<?xml version="1.0" encoding="UTF-8"?>
<!-- Generated by org.testng.reporters.JUnitReportReporter -->
<testsuite skipped="0" hostname="INAS-LP024" name="com.vrt.testcases.UM2" tests="53" failures="0" timestamp="2021-08-08T00:45:05 IST" time="1847.553" errors="0">
  <testcase name="ADMN119B" time="45.341" classname="com.vrt.testcases.UM2"/>
  <system-out/>
  <testcase name="ADMN107" time="30.269" classname="com.vrt.testcases.UM2"/>
  <system-out/>
  <testcase name="ADMN074" time="44.709" classname="com.vrt.testcases.UM2"/>
  <system-out/>
  <testcase name="ADMN082" time="59.860" classname="com.vrt.testcases.UM2"/>
  <system-out/>
  <testcase name="ADMN059" time="26.607" classname="com.vrt.testcases.UM2"/>
  <system-out/>
  <testcase name="ADMN098" time="37.653" classname="com.vrt.testcases.UM2"/>
  <system-out/>
  <testcase name="ADMN050" time="30.526" classname="com.vrt.testcases.UM2"/>
  <system-out/>
  <testcase name="ADMN096" time="35.591" classname="com.vrt.testcases.UM2"/>
  <system-out/>
  <testcase name="ADMN046" time="38.864" classname="com.vrt.testcases.UM2"/>
  <system-out/>
  <testcase name="ADMN094A" time="31.355" classname="com.vrt.testcases.UM2"/>
  <system-out/>
  <testcase name="ADMN117B" time="33.512" classname="com.vrt.testcases.UM2"/>
  <system-out/>
  <testcase name="ADMN094" time="30.979" classname="com.vrt.testcases.UM2"/>
  <system-out/>
  <testcase name="ADMN097" time="40.112" classname="com.vrt.testcases.UM2"/>
  <system-out/>
  <testcase name="ADMN115" time="27.237" classname="com.vrt.testcases.UM2"/>
  <system-out/>
  <testcase name="ADMN119" time="47.535" classname="com.vrt.testcases.UM2"/>
  <system-out/>
  <testcase name="ADMN108" time="26.978" classname="com.vrt.testcases.UM2"/>
  <system-out/>
  <testcase name="ADMN052" time="26.409" classname="com.vrt.testcases.UM2"/>
  <system-out/>
  <testcase name="ADMN088" time="36.197" classname="com.vrt.testcases.UM2"/>
  <system-out/>
  <testcase name="ADMN080" time="25.222" classname="com.vrt.testcases.UM2"/>
  <system-out/>
  <testcase name="ADMN078" time="36.521" classname="com.vrt.testcases.UM2"/>
  <system-out/>
  <testcase name="ADMN049" time="30.416" classname="com.vrt.testcases.UM2"/>
  <system-out/>
  <testcase name="ADMN105" time="42.555" classname="com.vrt.testcases.UM2"/>
  <system-out/>
  <testcase name="ADMN048B" time="46.198" classname="com.vrt.testcases.UM2"/>
  <system-out/>
  <testcase name="ADMN106" time="27.147" classname="com.vrt.testcases.UM2"/>
  <system-out/>
  <testcase name="ADMN048A" time="26.886" classname="com.vrt.testcases.UM2"/>
  <system-out/>
  <testcase name="ADMN075" time="27.492" classname="com.vrt.testcases.UM2"/>
  <system-out/>
  <testcase name="ADMN133" time="35.228" classname="com.vrt.testcases.UM2"/>
  <system-out/>
  <testcase name="ADMN099" time="43.876" classname="com.vrt.testcases.UM2"/>
  <system-out/>
  <testcase name="ADMN047" time="26.329" classname="com.vrt.testcases.UM2"/>
  <system-out/>
  <testcase name="ADMN100" time="29.995" classname="com.vrt.testcases.UM2"/>
  <system-out/>
  <testcase name="ADMN062" time="57.379" classname="com.vrt.testcases.UM2"/>
  <system-out/>
  <testcase name="ADMN109" time="20.724" classname="com.vrt.testcases.UM2"/>
  <system-out/>
  <testcase name="ADMN083" time="32.175" classname="com.vrt.testcases.UM2"/>
  <system-out/>
  <testcase name="ADMN119A" time="45.196" classname="com.vrt.testcases.UM2"/>
  <system-out/>
  <testcase name="ADMN054A" time="34.219" classname="com.vrt.testcases.UM2"/>
  <system-out/>
  <testcase name="ADMN101" time="37.228" classname="com.vrt.testcases.UM2"/>
  <system-out/>
  <testcase name="ADMN077B" time="32.580" classname="com.vrt.testcases.UM2"/>
  <system-out/>
  <testcase name="ADMN086" time="35.663" classname="com.vrt.testcases.UM2"/>
  <system-out/>
  <testcase name="ADMN072" time="41.893" classname="com.vrt.testcases.UM2"/>
  <system-out/>
  <testcase name="ADMN077A" time="30.526" classname="com.vrt.testcases.UM2"/>
  <system-out/>
  <testcase name="ADMN118" time="36.074" classname="com.vrt.testcases.UM2"/>
  <system-out/>
  <testcase name="ADMN053" time="35.976" classname="com.vrt.testcases.UM2"/>
  <system-out/>
  <testcase name="ADMN074A" time="30.240" classname="com.vrt.testcases.UM2"/>
  <system-out/>
  <testcase name="ADMN117A" time="28.626" classname="com.vrt.testcases.UM2"/>
  <system-out/>
  <testcase name="ADMN064" time="31.634" classname="com.vrt.testcases.UM2"/>
  <system-out/>
  <testcase name="ADMN050A" time="36.716" classname="com.vrt.testcases.UM2"/>
  <system-out/>
  <testcase name="ADMN084" time="27.226" classname="com.vrt.testcases.UM2"/>
  <system-out/>
  <testcase name="ADMN116" time="35.098" classname="com.vrt.testcases.UM2"/>
  <system-out/>
  <testcase name="ADMN073" time="36.592" classname="com.vrt.testcases.UM2"/>
  <system-out/>
  <testcase name="ADMN109A" time="30.803" classname="com.vrt.testcases.UM2"/>
  <system-out/>
  <testcase name="ADMN076" time="40.959" classname="com.vrt.testcases.UM2"/>
  <system-out/>
  <testcase name="ADMN055" time="34.993" classname="com.vrt.testcases.UM2"/>
  <system-out/>
  <testcase name="ADMN054" time="27.434" classname="com.vrt.testcases.UM2"/>
  <system-out/>
</testsuite> <!-- com.vrt.testcases.UM2 -->
