<?xml version="1.0" encoding="UTF-8"?>
<!-- Generated by org.testng.reporters.JUnitReportReporter -->
<testsuite skipped="0" hostname="INAS-LP024" name="com.vrt.testcases.UM3" tests="43" failures="0" timestamp="2021-08-08T00:45:05 IST" time="1527.258" errors="0">
  <testcase name="CADMN36" time="31.196" classname="com.vrt.testcases.UM3"/>
  <system-out/>
  <testcase name="CADMN23A" time="49.092" classname="com.vrt.testcases.UM3"/>
  <system-out/>
  <testcase name="CADMN16" time="39.045" classname="com.vrt.testcases.UM3"/>
  <system-out/>
  <testcase name="CADMN24" time="20.490" classname="com.vrt.testcases.UM3"/>
  <system-out/>
  <testcase name="CADMN6" time="30.429" classname="com.vrt.testcases.UM3"/>
  <system-out/>
  <testcase name="CADMN11" time="37.276" classname="com.vrt.testcases.UM3"/>
  <system-out/>
  <testcase name="CADMN37" time="30.449" classname="com.vrt.testcases.UM3"/>
  <system-out/>
  <testcase name="ADMN087" time="37.397" classname="com.vrt.testcases.UM3"/>
  <system-out/>
  <testcase name="CADMN35" time="37.443" classname="com.vrt.testcases.UM3"/>
  <system-out/>
  <testcase name="CADMN19" time="69.714" classname="com.vrt.testcases.UM3"/>
  <system-out/>
  <testcase name="CADMN23B" time="30.581" classname="com.vrt.testcases.UM3"/>
  <system-out/>
  <testcase name="CADMN27" time="36.423" classname="com.vrt.testcases.UM3"/>
  <system-out/>
  <testcase name="ADMN060" time="35.283" classname="com.vrt.testcases.UM3"/>
  <system-out/>
  <testcase name="CADMN30" time="39.622" classname="com.vrt.testcases.UM3"/>
  <system-out/>
  <testcase name="CADMN26" time="27.077" classname="com.vrt.testcases.UM3"/>
  <system-out/>
  <testcase name="CADMN8" time="31.368" classname="com.vrt.testcases.UM3"/>
  <system-out/>
  <testcase name="CADMN29" time="34.302" classname="com.vrt.testcases.UM3"/>
  <system-out/>
  <testcase name="ADMN111A" time="55.990" classname="com.vrt.testcases.UM3"/>
  <system-out/>
  <testcase name="CADMN10" time="43.936" classname="com.vrt.testcases.UM3"/>
  <system-out/>
  <testcase name="CADMN12" time="39.317" classname="com.vrt.testcases.UM3"/>
  <system-out/>
  <testcase name="ADMN111" time="17.409" classname="com.vrt.testcases.UM3"/>
  <system-out/>
  <testcase name="CADMN20" time="36.891" classname="com.vrt.testcases.UM3"/>
  <system-out/>
  <testcase name="CADMN9" time="17.570" classname="com.vrt.testcases.UM3"/>
  <system-out/>
  <testcase name="CADMN21" time="37.629" classname="com.vrt.testcases.UM3"/>
  <system-out/>
  <testcase name="CADMN2" time="35.538" classname="com.vrt.testcases.UM3"/>
  <system-out/>
  <testcase name="CADMN1" time="37.948" classname="com.vrt.testcases.UM3"/>
  <system-out/>
  <testcase name="CADMN31" time="36.035" classname="com.vrt.testcases.UM3"/>
  <system-out/>
  <testcase name="CADMN28" time="38.484" classname="com.vrt.testcases.UM3"/>
  <system-out/>
  <testcase name="CADMN5" time="36.468" classname="com.vrt.testcases.UM3"/>
  <system-out/>
  <testcase name="CADMN14" time="35.340" classname="com.vrt.testcases.UM3"/>
  <system-out/>
  <testcase name="CADMN32" time="48.993" classname="com.vrt.testcases.UM3"/>
  <system-out/>
  <testcase name="ADMN058B" time="32.680" classname="com.vrt.testcases.UM3"/>
  <system-out/>
  <testcase name="ADMN085A" time="27.651" classname="com.vrt.testcases.UM3"/>
  <system-out/>
  <testcase name="ADMN058A" time="29.569" classname="com.vrt.testcases.UM3"/>
  <system-out/>
  <testcase name="CADMN39" time="38.693" classname="com.vrt.testcases.UM3"/>
  <system-out/>
  <testcase name="CADMN7" time="29.951" classname="com.vrt.testcases.UM3"/>
  <system-out/>
  <testcase name="CADMN22" time="47.013" classname="com.vrt.testcases.UM3"/>
  <system-out/>
  <testcase name="CADMN15" time="36.122" classname="com.vrt.testcases.UM3"/>
  <system-out/>
  <testcase name="CADMN40" time="27.954" classname="com.vrt.testcases.UM3"/>
  <system-out/>
  <testcase name="CADMN25" time="30.209" classname="com.vrt.testcases.UM3"/>
  <system-out/>
  <testcase name="ADMN085B" time="34.751" classname="com.vrt.testcases.UM3"/>
  <system-out/>
  <testcase name="ADMN112" time="36.466" classname="com.vrt.testcases.UM3"/>
  <system-out/>
  <testcase name="CADMN38" time="21.464" classname="com.vrt.testcases.UM3"/>
  <system-out/>
</testsuite> <!-- com.vrt.testcases.UM3 -->
