<?xml version="1.0" encoding="UTF-8"?>
<!-- Generated by org.testng.reporters.JUnitReportReporter -->
<testsuite skipped="0" hostname="INAS-LP024" name="com.vrt.testcases.UM4" tests="18" failures="0" timestamp="2021-08-08T00:45:05 IST" time="638.537" errors="0">
  <testcase name="ADMN081E" time="29.525" classname="com.vrt.testcases.UM4"/>
  <system-out/>
  <testcase name="ADMN103C" time="38.774" classname="com.vrt.testcases.UM4"/>
  <system-out/>
  <testcase name="ADMN103A" time="38.376" classname="com.vrt.testcases.UM4"/>
  <system-out/>
  <testcase name="ADMN065B" time="38.114" classname="com.vrt.testcases.UM4"/>
  <system-out/>
  <testcase name="ADMN065A" time="29.167" classname="com.vrt.testcases.UM4"/>
  <system-out/>
  <testcase name="ADMN120" time="38.627" classname="com.vrt.testcases.UM4"/>
  <system-out/>
  <testcase name="ADMN065D" time="29.985" classname="com.vrt.testcases.UM4"/>
  <system-out/>
  <testcase name="ADMN079" time="28.568" classname="com.vrt.testcases.UM4"/>
  <system-out/>
  <testcase name="ADMN103E" time="28.698" classname="com.vrt.testcases.UM4"/>
  <system-out/>
  <testcase name="ADMN051" time="40.592" classname="com.vrt.testcases.UM4"/>
  <system-out/>
  <testcase name="ADMN081D" time="38.522" classname="com.vrt.testcases.UM4"/>
  <system-out/>
  <testcase name="ADMN103D" time="38.038" classname="com.vrt.testcases.UM4"/>
  <system-out/>
  <testcase name="ADMN081B" time="39.053" classname="com.vrt.testcases.UM4"/>
  <system-out/>
  <testcase name="ADMN081A" time="38.190" classname="com.vrt.testcases.UM4"/>
  <system-out/>
  <testcase name="ADMN103B" time="38.980" classname="com.vrt.testcases.UM4"/>
  <system-out/>
  <testcase name="ADMN081C" time="37.593" classname="com.vrt.testcases.UM4"/>
  <system-out/>
  <testcase name="ADMN065C" time="29.478" classname="com.vrt.testcases.UM4"/>
  <system-out/>
  <testcase name="ADMN063" time="38.257" classname="com.vrt.testcases.UM4"/>
  <system-out/>
</testsuite> <!-- com.vrt.testcases.UM4 -->
