<?xml version="1.0" encoding="UTF-8"?>
<!-- Generated by org.testng.reporters.JUnitReportReporter -->
<testsuite skipped="0" hostname="INAS-LP024" name="com.vrt.testcases.setup_DefineSetupTest" tests="149" failures="0" timestamp="2021-08-08T05:06:43 IST" time="2473.645" errors="0">
  <testcase name="SET016" time="18.233" classname="com.vrt.testcases.setup_DefineSetupTest"/>
  <system-out/>
  <testcase name="SET019" time="18.266" classname="com.vrt.testcases.setup_DefineSetupTest"/>
  <system-out/>
  <testcase name="SET004" time="17.031" classname="com.vrt.testcases.setup_DefineSetupTest"/>
  <system-out/>
  <testcase name="SET010" time="15.481" classname="com.vrt.testcases.setup_DefineSetupTest"/>
  <system-out/>
  <testcase name="SET019" time="18.997" classname="com.vrt.testcases.setup_DefineSetupTest"/>
  <system-out/>
  <testcase name="SET022" time="18.360" classname="com.vrt.testcases.setup_DefineSetupTest"/>
  <system-out/>
  <testcase name="SET017" time="16.879" classname="com.vrt.testcases.setup_DefineSetupTest"/>
  <system-out/>
  <testcase name="SET021" time="18.184" classname="com.vrt.testcases.setup_DefineSetupTest"/>
  <system-out/>
  <testcase name="SET010" time="15.393" classname="com.vrt.testcases.setup_DefineSetupTest"/>
  <system-out/>
  <testcase name="SET005" time="15.555" classname="com.vrt.testcases.setup_DefineSetupTest"/>
  <system-out/>
  <testcase name="SET005" time="15.836" classname="com.vrt.testcases.setup_DefineSetupTest"/>
  <system-out/>
  <testcase name="SET020" time="16.711" classname="com.vrt.testcases.setup_DefineSetupTest"/>
  <system-out/>
  <testcase name="SET010" time="15.235" classname="com.vrt.testcases.setup_DefineSetupTest"/>
  <system-out/>
  <testcase name="SET010" time="15.344" classname="com.vrt.testcases.setup_DefineSetupTest"/>
  <system-out/>
  <testcase name="SET020" time="16.776" classname="com.vrt.testcases.setup_DefineSetupTest"/>
  <system-out/>
  <testcase name="SET010" time="15.279" classname="com.vrt.testcases.setup_DefineSetupTest"/>
  <system-out/>
  <testcase name="SET009" time="16.790" classname="com.vrt.testcases.setup_DefineSetupTest"/>
  <system-out/>
  <testcase name="SET016" time="17.990" classname="com.vrt.testcases.setup_DefineSetupTest"/>
  <system-out/>
  <testcase name="SET020" time="16.810" classname="com.vrt.testcases.setup_DefineSetupTest"/>
  <system-out/>
  <testcase name="SET010" time="15.499" classname="com.vrt.testcases.setup_DefineSetupTest"/>
  <system-out/>
  <testcase name="SET017" time="17.023" classname="com.vrt.testcases.setup_DefineSetupTest"/>
  <system-out/>
  <testcase name="SET017" time="16.806" classname="com.vrt.testcases.setup_DefineSetupTest"/>
  <system-out/>
  <testcase name="SET016" time="18.278" classname="com.vrt.testcases.setup_DefineSetupTest"/>
  <system-out/>
  <testcase name="SET010" time="15.392" classname="com.vrt.testcases.setup_DefineSetupTest"/>
  <system-out/>
  <testcase name="SET010" time="15.477" classname="com.vrt.testcases.setup_DefineSetupTest"/>
  <system-out/>
  <testcase name="SET004" time="16.986" classname="com.vrt.testcases.setup_DefineSetupTest"/>
  <system-out/>
  <testcase name="SET022" time="18.347" classname="com.vrt.testcases.setup_DefineSetupTest"/>
  <system-out/>
  <testcase name="SET017" time="16.952" classname="com.vrt.testcases.setup_DefineSetupTest"/>
  <system-out/>
  <testcase name="SET020" time="16.907" classname="com.vrt.testcases.setup_DefineSetupTest"/>
  <system-out/>
  <testcase name="SET020" time="16.851" classname="com.vrt.testcases.setup_DefineSetupTest"/>
  <system-out/>
  <testcase name="SET005" time="15.732" classname="com.vrt.testcases.setup_DefineSetupTest"/>
  <system-out/>
  <testcase name="SET020" time="16.959" classname="com.vrt.testcases.setup_DefineSetupTest"/>
  <system-out/>
  <testcase name="SET020" time="16.854" classname="com.vrt.testcases.setup_DefineSetupTest"/>
  <system-out/>
  <testcase name="SET010" time="15.532" classname="com.vrt.testcases.setup_DefineSetupTest"/>
  <system-out/>
  <testcase name="SET020" time="16.949" classname="com.vrt.testcases.setup_DefineSetupTest"/>
  <system-out/>
  <testcase name="SET020" time="16.803" classname="com.vrt.testcases.setup_DefineSetupTest"/>
  <system-out/>
  <testcase name="SET031" time="14.793" classname="com.vrt.testcases.setup_DefineSetupTest"/>
  <system-out/>
  <testcase name="SET004" time="17.010" classname="com.vrt.testcases.setup_DefineSetupTest"/>
  <system-out/>
  <testcase name="SET017" time="16.759" classname="com.vrt.testcases.setup_DefineSetupTest"/>
  <system-out/>
  <testcase name="SET014" time="20.745" classname="com.vrt.testcases.setup_DefineSetupTest"/>
  <system-out/>
  <testcase name="SET005" time="15.977" classname="com.vrt.testcases.setup_DefineSetupTest"/>
  <system-out/>
  <testcase name="SET019" time="18.206" classname="com.vrt.testcases.setup_DefineSetupTest"/>
  <system-out/>
  <testcase name="SET017" time="16.787" classname="com.vrt.testcases.setup_DefineSetupTest"/>
  <system-out/>
  <testcase name="SET019" time="18.311" classname="com.vrt.testcases.setup_DefineSetupTest"/>
  <system-out/>
  <testcase name="SET020" time="16.922" classname="com.vrt.testcases.setup_DefineSetupTest"/>
  <system-out/>
  <testcase name="SET017" time="16.766" classname="com.vrt.testcases.setup_DefineSetupTest"/>
  <system-out/>
  <testcase name="SET020" time="16.831" classname="com.vrt.testcases.setup_DefineSetupTest"/>
  <system-out/>
  <testcase name="SET005" time="15.827" classname="com.vrt.testcases.setup_DefineSetupTest"/>
  <system-out/>
  <testcase name="SET020" time="16.827" classname="com.vrt.testcases.setup_DefineSetupTest"/>
  <system-out/>
  <testcase name="SET009" time="16.577" classname="com.vrt.testcases.setup_DefineSetupTest"/>
  <system-out/>
  <testcase name="SET020" time="16.798" classname="com.vrt.testcases.setup_DefineSetupTest"/>
  <system-out/>
  <testcase name="SET017" time="16.866" classname="com.vrt.testcases.setup_DefineSetupTest"/>
  <system-out/>
  <testcase name="SET017" time="16.779" classname="com.vrt.testcases.setup_DefineSetupTest"/>
  <system-out/>
  <testcase name="SET016" time="18.375" classname="com.vrt.testcases.setup_DefineSetupTest"/>
  <system-out/>
  <testcase name="SET005" time="15.958" classname="com.vrt.testcases.setup_DefineSetupTest"/>
  <system-out/>
  <testcase name="SET026" time="14.444" classname="com.vrt.testcases.setup_DefineSetupTest"/>
  <system-out/>
  <testcase name="SET019" time="18.257" classname="com.vrt.testcases.setup_DefineSetupTest"/>
  <system-out/>
  <testcase name="SET002" time="12.960" classname="com.vrt.testcases.setup_DefineSetupTest"/>
  <system-out/>
  <testcase name="SET027a" time="21.180" classname="com.vrt.testcases.setup_DefineSetupTest"/>
  <system-out/>
  <testcase name="SET005" time="15.633" classname="com.vrt.testcases.setup_DefineSetupTest"/>
  <system-out/>
  <testcase name="SET016" time="18.131" classname="com.vrt.testcases.setup_DefineSetupTest"/>
  <system-out/>
  <testcase name="SET005" time="15.724" classname="com.vrt.testcases.setup_DefineSetupTest"/>
  <system-out/>
  <testcase name="SET005" time="15.760" classname="com.vrt.testcases.setup_DefineSetupTest"/>
  <system-out/>
  <testcase name="SET017" time="16.752" classname="com.vrt.testcases.setup_DefineSetupTest"/>
  <system-out/>
  <testcase name="SET010" time="15.303" classname="com.vrt.testcases.setup_DefineSetupTest"/>
  <system-out/>
  <testcase name="SET020" time="16.935" classname="com.vrt.testcases.setup_DefineSetupTest"/>
  <system-out/>
  <testcase name="SET016" time="18.804" classname="com.vrt.testcases.setup_DefineSetupTest"/>
  <system-out/>
  <testcase name="SET004" time="16.969" classname="com.vrt.testcases.setup_DefineSetupTest"/>
  <system-out/>
  <testcase name="SET030" time="15.773" classname="com.vrt.testcases.setup_DefineSetupTest"/>
  <system-out/>
  <testcase name="SET020" time="16.854" classname="com.vrt.testcases.setup_DefineSetupTest"/>
  <system-out/>
  <testcase name="SET010" time="15.351" classname="com.vrt.testcases.setup_DefineSetupTest"/>
  <system-out/>
  <testcase name="SET005" time="15.846" classname="com.vrt.testcases.setup_DefineSetupTest"/>
  <system-out/>
  <testcase name="SET010" time="15.391" classname="com.vrt.testcases.setup_DefineSetupTest"/>
  <system-out/>
  <testcase name="SET005" time="15.884" classname="com.vrt.testcases.setup_DefineSetupTest"/>
  <system-out/>
  <testcase name="SET019" time="18.158" classname="com.vrt.testcases.setup_DefineSetupTest"/>
  <system-out/>
  <testcase name="SET010" time="15.422" classname="com.vrt.testcases.setup_DefineSetupTest"/>
  <system-out/>
  <testcase name="SET001" time="17.772" classname="com.vrt.testcases.setup_DefineSetupTest"/>
  <system-out/>
  <testcase name="SET010" time="15.331" classname="com.vrt.testcases.setup_DefineSetupTest"/>
  <system-out/>
  <testcase name="SET013" time="13.063" classname="com.vrt.testcases.setup_DefineSetupTest"/>
  <system-out/>
  <testcase name="SET005" time="15.778" classname="com.vrt.testcases.setup_DefineSetupTest"/>
  <system-out/>
  <testcase name="SET020" time="16.840" classname="com.vrt.testcases.setup_DefineSetupTest"/>
  <system-out/>
  <testcase name="SET019" time="17.919" classname="com.vrt.testcases.setup_DefineSetupTest"/>
  <system-out/>
  <testcase name="SET005" time="15.484" classname="com.vrt.testcases.setup_DefineSetupTest"/>
  <system-out/>
  <testcase name="SET005" time="15.776" classname="com.vrt.testcases.setup_DefineSetupTest"/>
  <system-out/>
  <testcase name="SET010" time="15.545" classname="com.vrt.testcases.setup_DefineSetupTest"/>
  <system-out/>
  <testcase name="SET008" time="15.533" classname="com.vrt.testcases.setup_DefineSetupTest"/>
  <system-out/>
  <testcase name="SET017" time="16.792" classname="com.vrt.testcases.setup_DefineSetupTest"/>
  <system-out/>
  <testcase name="SET010" time="15.406" classname="com.vrt.testcases.setup_DefineSetupTest"/>
  <system-out/>
  <testcase name="SET010" time="15.349" classname="com.vrt.testcases.setup_DefineSetupTest"/>
  <system-out/>
  <testcase name="SET010" time="15.417" classname="com.vrt.testcases.setup_DefineSetupTest"/>
  <system-out/>
  <testcase name="SET010" time="15.337" classname="com.vrt.testcases.setup_DefineSetupTest"/>
  <system-out/>
  <testcase name="SET017" time="16.721" classname="com.vrt.testcases.setup_DefineSetupTest"/>
  <system-out/>
  <testcase name="SET005" time="15.877" classname="com.vrt.testcases.setup_DefineSetupTest"/>
  <system-out/>
  <testcase name="SET005" time="15.940" classname="com.vrt.testcases.setup_DefineSetupTest"/>
  <system-out/>
  <testcase name="SET012" time="17.293" classname="com.vrt.testcases.setup_DefineSetupTest"/>
  <system-out/>
  <testcase name="SET020" time="16.675" classname="com.vrt.testcases.setup_DefineSetupTest"/>
  <system-out/>
  <testcase name="SET007" time="16.581" classname="com.vrt.testcases.setup_DefineSetupTest"/>
  <system-out/>
  <testcase name="SET027" time="15.893" classname="com.vrt.testcases.setup_DefineSetupTest"/>
  <system-out/>
  <testcase name="SET004" time="17.008" classname="com.vrt.testcases.setup_DefineSetupTest"/>
  <system-out/>
  <testcase name="SET017" time="16.856" classname="com.vrt.testcases.setup_DefineSetupTest"/>
  <system-out/>
  <testcase name="SET017" time="17.016" classname="com.vrt.testcases.setup_DefineSetupTest"/>
  <system-out/>
  <testcase name="SET010" time="15.448" classname="com.vrt.testcases.setup_DefineSetupTest"/>
  <system-out/>
  <testcase name="SET009" time="16.701" classname="com.vrt.testcases.setup_DefineSetupTest"/>
  <system-out/>
  <testcase name="SET019" time="17.982" classname="com.vrt.testcases.setup_DefineSetupTest"/>
  <system-out/>
  <testcase name="SET010" time="15.402" classname="com.vrt.testcases.setup_DefineSetupTest"/>
  <system-out/>
  <testcase name="SET010" time="15.353" classname="com.vrt.testcases.setup_DefineSetupTest"/>
  <system-out/>
  <testcase name="SET017" time="16.784" classname="com.vrt.testcases.setup_DefineSetupTest"/>
  <system-out/>
  <testcase name="SET005" time="15.811" classname="com.vrt.testcases.setup_DefineSetupTest"/>
  <system-out/>
  <testcase name="SET019" time="18.344" classname="com.vrt.testcases.setup_DefineSetupTest"/>
  <system-out/>
  <testcase name="SET010" time="15.417" classname="com.vrt.testcases.setup_DefineSetupTest"/>
  <system-out/>
  <testcase name="SET016" time="18.299" classname="com.vrt.testcases.setup_DefineSetupTest"/>
  <system-out/>
  <testcase name="SET029" time="13.707" classname="com.vrt.testcases.setup_DefineSetupTest"/>
  <system-out/>
  <testcase name="SET017" time="16.883" classname="com.vrt.testcases.setup_DefineSetupTest"/>
  <system-out/>
  <testcase name="SET005" time="15.691" classname="com.vrt.testcases.setup_DefineSetupTest"/>
  <system-out/>
  <testcase name="SET019" time="18.163" classname="com.vrt.testcases.setup_DefineSetupTest"/>
  <system-out/>
  <testcase name="SET010" time="15.250" classname="com.vrt.testcases.setup_DefineSetupTest"/>
  <system-out/>
  <testcase name="SET009" time="16.936" classname="com.vrt.testcases.setup_DefineSetupTest"/>
  <system-out/>
  <testcase name="SET010" time="15.040" classname="com.vrt.testcases.setup_DefineSetupTest"/>
  <system-out/>
  <testcase name="SET004" time="16.893" classname="com.vrt.testcases.setup_DefineSetupTest"/>
  <system-out/>
  <testcase name="SET003" time="19.140" classname="com.vrt.testcases.setup_DefineSetupTest"/>
  <system-out/>
  <testcase name="SET017" time="16.672" classname="com.vrt.testcases.setup_DefineSetupTest"/>
  <system-out/>
  <testcase name="SET005" time="15.663" classname="com.vrt.testcases.setup_DefineSetupTest"/>
  <system-out/>
  <testcase name="SET017" time="16.628" classname="com.vrt.testcases.setup_DefineSetupTest"/>
  <system-out/>
  <testcase name="SET004" time="16.926" classname="com.vrt.testcases.setup_DefineSetupTest"/>
  <system-out/>
  <testcase name="SET016" time="18.148" classname="com.vrt.testcases.setup_DefineSetupTest"/>
  <system-out/>
  <testcase name="SET011" time="16.003" classname="com.vrt.testcases.setup_DefineSetupTest"/>
  <system-out/>
  <testcase name="SET010" time="15.547" classname="com.vrt.testcases.setup_DefineSetupTest"/>
  <system-out/>
  <testcase name="SET026B" time="14.921" classname="com.vrt.testcases.setup_DefineSetupTest"/>
  <system-out/>
  <testcase name="SET033" time="14.202" classname="com.vrt.testcases.setup_DefineSetupTest"/>
  <system-out/>
  <testcase name="SET019" time="18.160" classname="com.vrt.testcases.setup_DefineSetupTest"/>
  <system-out/>
  <testcase name="SET020" time="16.992" classname="com.vrt.testcases.setup_DefineSetupTest"/>
  <system-out/>
  <testcase name="SET020" time="16.886" classname="com.vrt.testcases.setup_DefineSetupTest"/>
  <system-out/>
  <testcase name="SET005" time="15.752" classname="com.vrt.testcases.setup_DefineSetupTest"/>
  <system-out/>
  <testcase name="SET016" time="18.192" classname="com.vrt.testcases.setup_DefineSetupTest"/>
  <system-out/>
  <testcase name="SET016" time="18.050" classname="com.vrt.testcases.setup_DefineSetupTest"/>
  <system-out/>
  <testcase name="SET020" time="16.815" classname="com.vrt.testcases.setup_DefineSetupTest"/>
  <system-out/>
  <testcase name="SET010" time="15.417" classname="com.vrt.testcases.setup_DefineSetupTest"/>
  <system-out/>
  <testcase name="SET026A" time="17.751" classname="com.vrt.testcases.setup_DefineSetupTest"/>
  <system-out/>
  <testcase name="SET020" time="17.003" classname="com.vrt.testcases.setup_DefineSetupTest"/>
  <system-out/>
  <testcase name="SET005" time="15.513" classname="com.vrt.testcases.setup_DefineSetupTest"/>
  <system-out/>
  <testcase name="SET020" time="16.937" classname="com.vrt.testcases.setup_DefineSetupTest"/>
  <system-out/>
  <testcase name="SET017" time="16.772" classname="com.vrt.testcases.setup_DefineSetupTest"/>
  <system-out/>
  <testcase name="SET015" time="21.206" classname="com.vrt.testcases.setup_DefineSetupTest"/>
  <system-out/>
  <testcase name="SET017" time="16.792" classname="com.vrt.testcases.setup_DefineSetupTest"/>
  <system-out/>
  <testcase name="SET017" time="16.892" classname="com.vrt.testcases.setup_DefineSetupTest"/>
  <system-out/>
  <testcase name="SET010" time="15.448" classname="com.vrt.testcases.setup_DefineSetupTest"/>
  <system-out/>
  <testcase name="SET016" time="18.312" classname="com.vrt.testcases.setup_DefineSetupTest"/>
  <system-out/>
  <testcase name="SET005" time="15.709" classname="com.vrt.testcases.setup_DefineSetupTest"/>
  <system-out/>
  <testcase name="SET017" time="16.748" classname="com.vrt.testcases.setup_DefineSetupTest"/>
  <system-out/>
</testsuite> <!-- com.vrt.testcases.setup_DefineSetupTest -->
