<?xml version="1.0" encoding="UTF-8"?>
<!-- Generated by org.testng.reporters.JUnitReportReporter -->
<testsuite skipped="2" hostname="INAS-LP024" name="com.vrt.testcases.setup_SensorConfigTest" tests="199" failures="1" timestamp="2021-08-08T05:06:43 IST" time="4476.720" errors="0">
  <testcase name="SC036" time="28.185" classname="com.vrt.testcases.setup_SensorConfigTest"/>
  <system-out/>
  <testcase name="SC048" time="21.809" classname="com.vrt.testcases.setup_SensorConfigTest"/>
  <system-out/>
  <testcase name="SC013" time="21.207" classname="com.vrt.testcases.setup_SensorConfigTest"/>
  <system-out/>
  <testcase name="SC053" time="21.834" classname="com.vrt.testcases.setup_SensorConfigTest"/>
  <system-out/>
  <testcase name="SC005" time="20.922" classname="com.vrt.testcases.setup_SensorConfigTest"/>
  <system-out/>
  <testcase name="SC027" time="19.378" classname="com.vrt.testcases.setup_SensorConfigTest"/>
  <system-out/>
  <testcase name="SC112" time="23.940" classname="com.vrt.testcases.setup_SensorConfigTest"/>
  <system-out/>
  <testcase name="SC084_1" time="25.039" classname="com.vrt.testcases.setup_SensorConfigTest"/>
  <system-out/>
  <testcase name="SC104" time="21.560" classname="com.vrt.testcases.setup_SensorConfigTest"/>
  <system-out/>
  <testcase name="SC038" time="19.714" classname="com.vrt.testcases.setup_SensorConfigTest"/>
  <system-out/>
  <testcase name="SC072" time="22.299" classname="com.vrt.testcases.setup_SensorConfigTest"/>
  <system-out/>
  <testcase name="SC022" time="19.412" classname="com.vrt.testcases.setup_SensorConfigTest"/>
  <system-out/>
  <testcase name="SC076_1" time="29.512" classname="com.vrt.testcases.setup_SensorConfigTest"/>
  <system-out/>
  <testcase name="SC084" time="25.253" classname="com.vrt.testcases.setup_SensorConfigTest"/>
  <system-out/>
  <testcase name="SC002" time="18.318" classname="com.vrt.testcases.setup_SensorConfigTest"/>
  <system-out/>
  <testcase name="SC084_1" time="25.094" classname="com.vrt.testcases.setup_SensorConfigTest"/>
  <system-out/>
  <testcase name="SC084" time="25.365" classname="com.vrt.testcases.setup_SensorConfigTest"/>
  <system-out/>
  <testcase name="SC064" time="23.506" classname="com.vrt.testcases.setup_SensorConfigTest"/>
  <system-out/>
  <testcase name="SC006" time="19.576" classname="com.vrt.testcases.setup_SensorConfigTest"/>
  <system-out/>
  <testcase name="SC058" time="22.717" classname="com.vrt.testcases.setup_SensorConfigTest"/>
  <system-out/>
  <testcase name="SC016" time="19.077" classname="com.vrt.testcases.setup_SensorConfigTest"/>
  <system-out/>
  <testcase name="SC058" time="20.288" classname="com.vrt.testcases.setup_SensorConfigTest"/>
  <system-out/>
  <testcase name="SC110" time="19.153" classname="com.vrt.testcases.setup_SensorConfigTest">
    <skipped/>
  </testcase> <!-- SC110 -->
  <system-out/>
  <testcase name="SC059" time="19.905" classname="com.vrt.testcases.setup_SensorConfigTest"/>
  <system-out/>
  <testcase name="SC086" time="23.589" classname="com.vrt.testcases.setup_SensorConfigTest"/>
  <system-out/>
  <testcase name="SC018" time="19.288" classname="com.vrt.testcases.setup_SensorConfigTest"/>
  <system-out/>
  <testcase name="SC048" time="21.918" classname="com.vrt.testcases.setup_SensorConfigTest"/>
  <system-out/>
  <testcase name="SC084_1" time="24.950" classname="com.vrt.testcases.setup_SensorConfigTest"/>
  <system-out/>
  <testcase name="SC046" time="23.076" classname="com.vrt.testcases.setup_SensorConfigTest"/>
  <system-out/>
  <testcase name="SC043" time="25.269" classname="com.vrt.testcases.setup_SensorConfigTest"/>
  <system-out/>
  <testcase name="SC023" time="19.584" classname="com.vrt.testcases.setup_SensorConfigTest"/>
  <system-out/>
  <testcase name="SC007" time="19.781" classname="com.vrt.testcases.setup_SensorConfigTest"/>
  <system-out/>
  <testcase name="SC050" time="25.747" classname="com.vrt.testcases.setup_SensorConfigTest"/>
  <system-out/>
  <testcase name="SC105" time="24.219" classname="com.vrt.testcases.setup_SensorConfigTest"/>
  <system-out/>
  <testcase name="SC024" time="19.007" classname="com.vrt.testcases.setup_SensorConfigTest"/>
  <system-out/>
  <testcase name="SC086" time="23.653" classname="com.vrt.testcases.setup_SensorConfigTest"/>
  <system-out/>
  <testcase name="SC007" time="19.887" classname="com.vrt.testcases.setup_SensorConfigTest"/>
  <system-out/>
  <testcase name="SC108" time="19.035" classname="com.vrt.testcases.setup_SensorConfigTest"/>
  <system-out/>
  <testcase name="SC084A" time="31.294" classname="com.vrt.testcases.setup_SensorConfigTest"/>
  <system-out/>
  <testcase name="SC005" time="20.987" classname="com.vrt.testcases.setup_SensorConfigTest"/>
  <system-out/>
  <testcase name="SC110" time="19.234" classname="com.vrt.testcases.setup_SensorConfigTest">
    <failure type="java.lang.AssertionError" message="The following asserts failed:
	FAIL: Incorrect SW version &amp; Console IP adress displayed in About window expected [1.2.0.15] but found [1.2.0.19],
	FAIL: Incorrect SW version &amp; Console IP adress displayed in About window expected [127.0.0.1] but found []">
      <![CDATA[java.lang.AssertionError: The following asserts failed:
FAIL: Incorrect SW version & Console IP adress displayed in About window expected [1.2.0.15] but found [1.2.0.19],
FAIL: Incorrect SW version & Console IP adress displayed in About window expected [127.0.0.1] but found []
at org.testng.asserts.SoftAssert.assertAll(SoftAssert.java:47)
at org.testng.asserts.SoftAssert.assertAll(SoftAssert.java:31)
at com.vrt.testcases.setup_SensorConfigTest.SC110(setup_SensorConfigTest.java:2813)
at sun.reflect.NativeMethodAccessorImpl.invoke0(Native Method)
at sun.reflect.NativeMethodAccessorImpl.invoke(NativeMethodAccessorImpl.java:62)
at sun.reflect.DelegatingMethodAccessorImpl.invoke(DelegatingMethodAccessorImpl.java:43)
at java.lang.reflect.Method.invoke(Method.java:498)
at org.testng.internal.MethodInvocationHelper.invokeMethod(MethodInvocationHelper.java:132)
at org.testng.internal.TestInvoker.invokeMethod(TestInvoker.java:599)
at org.testng.internal.TestInvoker.retryFailed(TestInvoker.java:214)
at org.testng.internal.MethodRunner.runInSequence(MethodRunner.java:58)
at org.testng.internal.TestInvoker$MethodInvocationAgent.invoke(TestInvoker.java:822)
at org.testng.internal.TestInvoker.invokeTestMethods(TestInvoker.java:147)
at org.testng.internal.TestMethodWorker.invokeTestMethods(TestMethodWorker.java:146)
at org.testng.internal.TestMethodWorker.run(TestMethodWorker.java:128)
at java.util.ArrayList.forEach(ArrayList.java:1257)
at org.testng.TestRunner.privateRun(TestRunner.java:764)
at org.testng.TestRunner.run(TestRunner.java:585)
at org.testng.SuiteRunner.runTest(SuiteRunner.java:384)
at org.testng.SuiteRunner.runSequentially(SuiteRunner.java:378)
at org.testng.SuiteRunner.privateRun(SuiteRunner.java:337)
at org.testng.SuiteRunner.run(SuiteRunner.java:286)
at org.testng.SuiteRunnerWorker.runSuite(SuiteRunnerWorker.java:53)
at org.testng.SuiteRunnerWorker.run(SuiteRunnerWorker.java:96)
at org.testng.TestNG.runSuitesSequentially(TestNG.java:1218)
at org.testng.TestNG.runSuitesLocally(TestNG.java:1140)
at org.testng.TestNG.runSuites(TestNG.java:1069)
at org.testng.TestNG.run(TestNG.java:1037)
at org.testng.remote.AbstractRemoteTestNG.run(AbstractRemoteTestNG.java:115)
at org.testng.remote.RemoteTestNG.initAndRun(RemoteTestNG.java:251)
at org.testng.remote.RemoteTestNG.main(RemoteTestNG.java:77)
]]>
    </failure>
  </testcase> <!-- SC110 -->
  <system-out/>
  <testcase name="SC103" time="18.747" classname="com.vrt.testcases.setup_SensorConfigTest"/>
  <system-out/>
  <testcase name="SC068" time="20.322" classname="com.vrt.testcases.setup_SensorConfigTest"/>
  <system-out/>
  <testcase name="SC042" time="21.998" classname="com.vrt.testcases.setup_SensorConfigTest"/>
  <system-out/>
  <testcase name="SC059" time="21.101" classname="com.vrt.testcases.setup_SensorConfigTest"/>
  <system-out/>
  <testcase name="SC028" time="19.748" classname="com.vrt.testcases.setup_SensorConfigTest"/>
  <system-out/>
  <testcase name="SC084" time="25.268" classname="com.vrt.testcases.setup_SensorConfigTest"/>
  <system-out/>
  <testcase name="SC064" time="23.094" classname="com.vrt.testcases.setup_SensorConfigTest"/>
  <system-out/>
  <testcase name="SC070" time="21.695" classname="com.vrt.testcases.setup_SensorConfigTest"/>
  <system-out/>
  <testcase name="SC013" time="20.868" classname="com.vrt.testcases.setup_SensorConfigTest"/>
  <system-out/>
  <testcase name="SC021" time="19.402" classname="com.vrt.testcases.setup_SensorConfigTest"/>
  <system-out/>
  <testcase name="SC006" time="19.576" classname="com.vrt.testcases.setup_SensorConfigTest"/>
  <system-out/>
  <testcase name="SC031" time="18.465" classname="com.vrt.testcases.setup_SensorConfigTest"/>
  <system-out/>
  <testcase name="SC075" time="22.568" classname="com.vrt.testcases.setup_SensorConfigTest"/>
  <system-out/>
  <testcase name="SC041" time="20.708" classname="com.vrt.testcases.setup_SensorConfigTest"/>
  <system-out/>
  <testcase name="SC020" time="22.965" classname="com.vrt.testcases.setup_SensorConfigTest"/>
  <system-out/>
  <testcase name="SC117" time="25.521" classname="com.vrt.testcases.setup_SensorConfigTest"/>
  <system-out/>
  <testcase name="SC083" time="25.144" classname="com.vrt.testcases.setup_SensorConfigTest"/>
  <system-out/>
  <testcase name="SC064" time="23.243" classname="com.vrt.testcases.setup_SensorConfigTest"/>
  <system-out/>
  <testcase name="SC033" time="18.732" classname="com.vrt.testcases.setup_SensorConfigTest"/>
  <system-out/>
  <testcase name="SC052" time="21.748" classname="com.vrt.testcases.setup_SensorConfigTest"/>
  <system-out/>
  <testcase name="SC076" time="37.182" classname="com.vrt.testcases.setup_SensorConfigTest"/>
  <system-out/>
  <testcase name="SC071" time="28.798" classname="com.vrt.testcases.setup_SensorConfigTest"/>
  <system-out/>
  <testcase name="SC078" time="25.870" classname="com.vrt.testcases.setup_SensorConfigTest"/>
  <system-out/>
  <testcase name="SC086" time="23.390" classname="com.vrt.testcases.setup_SensorConfigTest"/>
  <system-out/>
  <testcase name="SC014" time="19.354" classname="com.vrt.testcases.setup_SensorConfigTest"/>
  <system-out/>
  <testcase name="SC056" time="20.942" classname="com.vrt.testcases.setup_SensorConfigTest"/>
  <system-out/>
  <testcase name="SC082" time="26.142" classname="com.vrt.testcases.setup_SensorConfigTest"/>
  <system-out/>
  <testcase name="SC083" time="25.063" classname="com.vrt.testcases.setup_SensorConfigTest"/>
  <system-out/>
  <testcase name="SC084" time="25.209" classname="com.vrt.testcases.setup_SensorConfigTest"/>
  <system-out/>
  <testcase name="SC043" time="31.216" classname="com.vrt.testcases.setup_SensorConfigTest"/>
  <system-out/>
  <testcase name="SC025" time="20.673" classname="com.vrt.testcases.setup_SensorConfigTest"/>
  <system-out/>
  <testcase name="SC080" time="26.396" classname="com.vrt.testcases.setup_SensorConfigTest"/>
  <system-out/>
  <testcase name="SC020" time="20.028" classname="com.vrt.testcases.setup_SensorConfigTest"/>
  <system-out/>
  <testcase name="SC081" time="25.764" classname="com.vrt.testcases.setup_SensorConfigTest"/>
  <system-out/>
  <testcase name="SC062" time="20.225" classname="com.vrt.testcases.setup_SensorConfigTest"/>
  <system-out/>
  <testcase name="SC014" time="19.464" classname="com.vrt.testcases.setup_SensorConfigTest"/>
  <system-out/>
  <testcase name="SC017" time="20.826" classname="com.vrt.testcases.setup_SensorConfigTest"/>
  <system-out/>
  <testcase name="SC087" time="28.425" classname="com.vrt.testcases.setup_SensorConfigTest"/>
  <system-out/>
  <testcase name="SC085" time="24.507" classname="com.vrt.testcases.setup_SensorConfigTest"/>
  <system-out/>
  <testcase name="SC110" time="19.329" classname="com.vrt.testcases.setup_SensorConfigTest">
    <skipped/>
  </testcase> <!-- SC110 -->
  <system-out/>
  <testcase name="SC054" time="21.075" classname="com.vrt.testcases.setup_SensorConfigTest"/>
  <system-out/>
  <testcase name="SC004" time="21.090" classname="com.vrt.testcases.setup_SensorConfigTest"/>
  <system-out/>
  <testcase name="SC069" time="20.216" classname="com.vrt.testcases.setup_SensorConfigTest"/>
  <system-out/>
  <testcase name="SC066_1" time="24.993" classname="com.vrt.testcases.setup_SensorConfigTest"/>
  <system-out/>
  <testcase name="SC053" time="21.585" classname="com.vrt.testcases.setup_SensorConfigTest"/>
  <system-out/>
  <testcase name="SC009" time="20.708" classname="com.vrt.testcases.setup_SensorConfigTest"/>
  <system-out/>
  <testcase name="SC086" time="23.585" classname="com.vrt.testcases.setup_SensorConfigTest"/>
  <system-out/>
  <testcase name="SC023" time="19.779" classname="com.vrt.testcases.setup_SensorConfigTest"/>
  <system-out/>
  <testcase name="SC041" time="20.459" classname="com.vrt.testcases.setup_SensorConfigTest"/>
  <system-out/>
  <testcase name="SC008" time="19.766" classname="com.vrt.testcases.setup_SensorConfigTest"/>
  <system-out/>
  <testcase name="SC062" time="20.229" classname="com.vrt.testcases.setup_SensorConfigTest"/>
  <system-out/>
  <testcase name="SC084_1" time="24.834" classname="com.vrt.testcases.setup_SensorConfigTest"/>
  <system-out/>
  <testcase name="SC106" time="18.390" classname="com.vrt.testcases.setup_SensorConfigTest"/>
  <system-out/>
  <testcase name="SC093" time="25.575" classname="com.vrt.testcases.setup_SensorConfigTest"/>
  <system-out/>
  <testcase name="SC015" time="19.800" classname="com.vrt.testcases.setup_SensorConfigTest"/>
  <system-out/>
  <testcase name="SC086" time="23.681" classname="com.vrt.testcases.setup_SensorConfigTest"/>
  <system-out/>
  <testcase name="SC051" time="20.483" classname="com.vrt.testcases.setup_SensorConfigTest"/>
  <system-out/>
  <testcase name="SC012" time="19.384" classname="com.vrt.testcases.setup_SensorConfigTest"/>
  <system-out/>
  <testcase name="SC049" time="21.648" classname="com.vrt.testcases.setup_SensorConfigTest"/>
  <system-out/>
  <testcase name="SC003_1" time="18.266" classname="com.vrt.testcases.setup_SensorConfigTest"/>
  <system-out/>
  <testcase name="SC012" time="19.355" classname="com.vrt.testcases.setup_SensorConfigTest"/>
  <system-out/>
  <testcase name="SC034" time="22.560" classname="com.vrt.testcases.setup_SensorConfigTest"/>
  <system-out/>
  <testcase name="SC044" time="20.347" classname="com.vrt.testcases.setup_SensorConfigTest"/>
  <system-out/>
  <testcase name="SC006" time="19.432" classname="com.vrt.testcases.setup_SensorConfigTest"/>
  <system-out/>
  <testcase name="SC082" time="31.179" classname="com.vrt.testcases.setup_SensorConfigTest"/>
  <system-out/>
  <testcase name="SC116" time="23.854" classname="com.vrt.testcases.setup_SensorConfigTest"/>
  <system-out/>
  <testcase name="SC011" time="18.154" classname="com.vrt.testcases.setup_SensorConfigTest"/>
  <system-out/>
  <testcase name="SC042" time="21.808" classname="com.vrt.testcases.setup_SensorConfigTest"/>
  <system-out/>
  <testcase name="SC090" time="28.976" classname="com.vrt.testcases.setup_SensorConfigTest"/>
  <system-out/>
  <testcase name="SC118" time="22.192" classname="com.vrt.testcases.setup_SensorConfigTest"/>
  <system-out/>
  <testcase name="SC084_1" time="24.856" classname="com.vrt.testcases.setup_SensorConfigTest"/>
  <system-out/>
  <testcase name="SC022" time="19.627" classname="com.vrt.testcases.setup_SensorConfigTest"/>
  <system-out/>
  <testcase name="SC058" time="20.689" classname="com.vrt.testcases.setup_SensorConfigTest"/>
  <system-out/>
  <testcase name="SC012" time="22.793" classname="com.vrt.testcases.setup_SensorConfigTest"/>
  <system-out/>
  <testcase name="SC074" time="22.500" classname="com.vrt.testcases.setup_SensorConfigTest"/>
  <system-out/>
  <testcase name="SC065_2" time="23.033" classname="com.vrt.testcases.setup_SensorConfigTest"/>
  <system-out/>
  <testcase name="SC062" time="20.943" classname="com.vrt.testcases.setup_SensorConfigTest"/>
  <system-out/>
  <testcase name="SC039" time="19.866" classname="com.vrt.testcases.setup_SensorConfigTest"/>
  <system-out/>
  <testcase name="SC056" time="20.381" classname="com.vrt.testcases.setup_SensorConfigTest"/>
  <system-out/>
  <testcase name="SC058" time="20.540" classname="com.vrt.testcases.setup_SensorConfigTest"/>
  <system-out/>
  <testcase name="SC086" time="23.492" classname="com.vrt.testcases.setup_SensorConfigTest"/>
  <system-out/>
  <testcase name="SC084_1B" time="24.896" classname="com.vrt.testcases.setup_SensorConfigTest"/>
  <system-out/>
  <testcase name="SC042" time="21.744" classname="com.vrt.testcases.setup_SensorConfigTest"/>
  <system-out/>
  <testcase name="SC029" time="19.232" classname="com.vrt.testcases.setup_SensorConfigTest"/>
  <system-out/>
  <testcase name="SC056" time="20.475" classname="com.vrt.testcases.setup_SensorConfigTest"/>
  <system-out/>
  <testcase name="SC063" time="24.707" classname="com.vrt.testcases.setup_SensorConfigTest"/>
  <system-out/>
  <testcase name="SC064" time="23.000" classname="com.vrt.testcases.setup_SensorConfigTest"/>
  <system-out/>
  <testcase name="SC041" time="20.450" classname="com.vrt.testcases.setup_SensorConfigTest"/>
  <system-out/>
  <testcase name="SC089" time="28.602" classname="com.vrt.testcases.setup_SensorConfigTest"/>
  <system-out/>
  <testcase name="SC092" time="30.752" classname="com.vrt.testcases.setup_SensorConfigTest"/>
  <system-out/>
  <testcase name="SC084_1A" time="25.038" classname="com.vrt.testcases.setup_SensorConfigTest"/>
  <system-out/>
  <testcase name="SC064" time="23.450" classname="com.vrt.testcases.setup_SensorConfigTest"/>
  <system-out/>
  <testcase name="SC086" time="23.432" classname="com.vrt.testcases.setup_SensorConfigTest"/>
  <system-out/>
  <testcase name="SC046" time="22.956" classname="com.vrt.testcases.setup_SensorConfigTest"/>
  <system-out/>
  <testcase name="SC066" time="21.437" classname="com.vrt.testcases.setup_SensorConfigTest"/>
  <system-out/>
  <testcase name="SC056" time="20.673" classname="com.vrt.testcases.setup_SensorConfigTest"/>
  <system-out/>
  <testcase name="SC082" time="30.969" classname="com.vrt.testcases.setup_SensorConfigTest"/>
  <system-out/>
  <testcase name="SC004" time="19.473" classname="com.vrt.testcases.setup_SensorConfigTest"/>
  <system-out/>
  <testcase name="SC043" time="24.051" classname="com.vrt.testcases.setup_SensorConfigTest"/>
  <system-out/>
  <testcase name="SC107" time="20.395" classname="com.vrt.testcases.setup_SensorConfigTest"/>
  <system-out/>
  <testcase name="SC014" time="19.532" classname="com.vrt.testcases.setup_SensorConfigTest"/>
  <system-out/>
  <testcase name="SC083" time="25.018" classname="com.vrt.testcases.setup_SensorConfigTest"/>
  <system-out/>
  <testcase name="SC010" time="19.050" classname="com.vrt.testcases.setup_SensorConfigTest"/>
  <system-out/>
  <testcase name="SC040" time="19.470" classname="com.vrt.testcases.setup_SensorConfigTest"/>
  <system-out/>
  <testcase name="SC083" time="25.014" classname="com.vrt.testcases.setup_SensorConfigTest"/>
  <system-out/>
  <testcase name="SC063" time="24.583" classname="com.vrt.testcases.setup_SensorConfigTest"/>
  <system-out/>
  <testcase name="SC064" time="23.339" classname="com.vrt.testcases.setup_SensorConfigTest"/>
  <system-out/>
  <testcase name="SC023" time="19.483" classname="com.vrt.testcases.setup_SensorConfigTest"/>
  <system-out/>
  <testcase name="SC111" time="24.122" classname="com.vrt.testcases.setup_SensorConfigTest"/>
  <system-out/>
  <testcase name="SC063" time="24.150" classname="com.vrt.testcases.setup_SensorConfigTest"/>
  <system-out/>
  <testcase name="SC037" time="23.869" classname="com.vrt.testcases.setup_SensorConfigTest"/>
  <system-out/>
  <testcase name="SC056" time="19.683" classname="com.vrt.testcases.setup_SensorConfigTest"/>
  <system-out/>
  <testcase name="SC019" time="18.285" classname="com.vrt.testcases.setup_SensorConfigTest"/>
  <system-out/>
  <testcase name="SC114" time="24.583" classname="com.vrt.testcases.setup_SensorConfigTest"/>
  <system-out/>
  <testcase name="SC102" time="24.315" classname="com.vrt.testcases.setup_SensorConfigTest"/>
  <system-out/>
  <testcase name="SC065_1" time="22.480" classname="com.vrt.testcases.setup_SensorConfigTest"/>
  <system-out/>
  <testcase name="SC083" time="25.112" classname="com.vrt.testcases.setup_SensorConfigTest"/>
  <system-out/>
  <testcase name="SC015" time="19.520" classname="com.vrt.testcases.setup_SensorConfigTest"/>
  <system-out/>
  <testcase name="SC030" time="22.633" classname="com.vrt.testcases.setup_SensorConfigTest"/>
  <system-out/>
  <testcase name="SC003" time="18.525" classname="com.vrt.testcases.setup_SensorConfigTest"/>
  <system-out/>
  <testcase name="SC050" time="26.519" classname="com.vrt.testcases.setup_SensorConfigTest"/>
  <system-out/>
  <testcase name="SC047" time="22.584" classname="com.vrt.testcases.setup_SensorConfigTest"/>
  <system-out/>
  <testcase name="SC020" time="19.775" classname="com.vrt.testcases.setup_SensorConfigTest"/>
  <system-out/>
  <testcase name="SC022" time="19.353" classname="com.vrt.testcases.setup_SensorConfigTest"/>
  <system-out/>
  <testcase name="SC058" time="22.027" classname="com.vrt.testcases.setup_SensorConfigTest"/>
  <system-out/>
  <testcase name="SC048" time="21.806" classname="com.vrt.testcases.setup_SensorConfigTest"/>
  <system-out/>
  <testcase name="SC058" time="22.857" classname="com.vrt.testcases.setup_SensorConfigTest"/>
  <system-out/>
  <testcase name="SC091" time="27.305" classname="com.vrt.testcases.setup_SensorConfigTest"/>
  <system-out/>
  <testcase name="SC057" time="20.367" classname="com.vrt.testcases.setup_SensorConfigTest"/>
  <system-out/>
  <testcase name="SC061" time="21.477" classname="com.vrt.testcases.setup_SensorConfigTest"/>
  <system-out/>
  <testcase name="SC082" time="30.974" classname="com.vrt.testcases.setup_SensorConfigTest"/>
  <system-out/>
  <testcase name="SC001" time="20.440" classname="com.vrt.testcases.setup_SensorConfigTest"/>
  <system-out/>
  <testcase name="SC077" time="25.501" classname="com.vrt.testcases.setup_SensorConfigTest"/>
  <system-out/>
  <testcase name="SC063" time="24.073" classname="com.vrt.testcases.setup_SensorConfigTest"/>
  <system-out/>
  <testcase name="SC046" time="22.998" classname="com.vrt.testcases.setup_SensorConfigTest"/>
  <system-out/>
  <testcase name="SC079" time="29.518" classname="com.vrt.testcases.setup_SensorConfigTest"/>
  <system-out/>
  <testcase name="SC058" time="23.277" classname="com.vrt.testcases.setup_SensorConfigTest"/>
  <system-out/>
  <testcase name="SC083A" time="25.039" classname="com.vrt.testcases.setup_SensorConfigTest"/>
  <system-out/>
  <testcase name="SC083B" time="24.995" classname="com.vrt.testcases.setup_SensorConfigTest"/>
  <system-out/>
  <testcase name="SC073" time="22.489" classname="com.vrt.testcases.setup_SensorConfigTest"/>
  <system-out/>
  <testcase name="SC021" time="19.928" classname="com.vrt.testcases.setup_SensorConfigTest"/>
  <system-out/>
  <testcase name="SC056" time="21.252" classname="com.vrt.testcases.setup_SensorConfigTest"/>
  <system-out/>
  <testcase name="SC007" time="19.506" classname="com.vrt.testcases.setup_SensorConfigTest"/>
  <system-out/>
  <testcase name="SC015" time="19.617" classname="com.vrt.testcases.setup_SensorConfigTest"/>
  <system-out/>
  <testcase name="SC052" time="21.635" classname="com.vrt.testcases.setup_SensorConfigTest"/>
  <system-out/>
  <testcase name="SC088" time="26.592" classname="com.vrt.testcases.setup_SensorConfigTest"/>
  <system-out/>
  <testcase name="SC053" time="21.754" classname="com.vrt.testcases.setup_SensorConfigTest"/>
  <system-out/>
  <testcase name="SC049" time="22.208" classname="com.vrt.testcases.setup_SensorConfigTest"/>
  <system-out/>
  <testcase name="SC055" time="18.507" classname="com.vrt.testcases.setup_SensorConfigTest"/>
  <system-out/>
  <testcase name="SC032" time="18.713" classname="com.vrt.testcases.setup_SensorConfigTest"/>
  <system-out/>
  <testcase name="SC049" time="22.010" classname="com.vrt.testcases.setup_SensorConfigTest"/>
  <system-out/>
  <testcase name="SC101" time="24.208" classname="com.vrt.testcases.setup_SensorConfigTest"/>
  <system-out/>
  <testcase name="SC046a" time="21.516" classname="com.vrt.testcases.setup_SensorConfigTest"/>
  <system-out/>
  <testcase name="SC113" time="24.558" classname="com.vrt.testcases.setup_SensorConfigTest"/>
  <system-out/>
  <testcase name="SC004" time="19.117" classname="com.vrt.testcases.setup_SensorConfigTest"/>
  <system-out/>
  <testcase name="SC067" time="21.369" classname="com.vrt.testcases.setup_SensorConfigTest"/>
  <system-out/>
  <testcase name="SC050" time="27.789" classname="com.vrt.testcases.setup_SensorConfigTest"/>
  <system-out/>
  <testcase name="SC026" time="19.149" classname="com.vrt.testcases.setup_SensorConfigTest"/>
  <system-out/>
</testsuite> <!-- com.vrt.testcases.setup_SensorConfigTest -->
