<?xml version="1.0" encoding="UTF-8"?>
<!-- Generated by org.testng.reporters.JUnitReportReporter -->
<testsuite skipped="0" hostname="INAS-LP024" name="com.vrt.testcases.LoginTest" tests="3" failures="0" timestamp="2021-08-08T00:45:05 IST" time="50.184" errors="0">
  <testcase name="LOGIN_001" time="20.691" classname="com.vrt.testcases.LoginTest"/>
  <system-out/>
  <testcase name="LOGIN_001b" time="19.007" classname="com.vrt.testcases.LoginTest"/>
  <system-out/>
  <testcase name="LOGIN_001c" time="10.486" classname="com.vrt.testcases.LoginTest"/>
  <system-out/>
</testsuite> <!-- com.vrt.testcases.LoginTest -->
