<?xml version="1.0" encoding="UTF-8"?>
<!-- Generated by org.testng.reporters.JUnitReportReporter -->
<testsuite skipped="0" hostname="DESKTOP-IH5DTV2" name="com.vrt.testcases.PolicyTest" tests="1" failures="0" timestamp="2021-08-05T00:36:56 IST" time="94.947" errors="0">
  <testcase name="Policies008" time="94.947" classname="com.vrt.testcases.PolicyTest"/>
  <system-out/>
</testsuite> <!-- com.vrt.testcases.PolicyTest -->
