<?xml version="1.0" encoding="UTF-8"?>
<!-- Generated by org.testng.reporters.JUnitReportReporter -->
<testsuite skipped="0" hostname="INAS-LP024" name="com.vrt.testcases.CopySetupTest" tests="20" failures="0" timestamp="2021-08-07T19:57:10 IST" time="466.954" errors="0">
  <testcase name="CS013" time="66.380" classname="com.vrt.testcases.CopySetupTest"/>
  <system-out/>
  <testcase name="CS008" time="12.983" classname="com.vrt.testcases.CopySetupTest"/>
  <system-out/>
  <testcase name="CS001" time="13.939" classname="com.vrt.testcases.CopySetupTest"/>
  <system-out/>
  <testcase name="CS007" time="13.156" classname="com.vrt.testcases.CopySetupTest"/>
  <system-out/>
  <testcase name="CS010" time="12.990" classname="com.vrt.testcases.CopySetupTest"/>
  <system-out/>
  <testcase name="CS021" time="18.459" classname="com.vrt.testcases.CopySetupTest"/>
  <system-out/>
  <testcase name="CS006" time="13.282" classname="com.vrt.testcases.CopySetupTest"/>
  <system-out/>
  <testcase name="CS015A" time="22.717" classname="com.vrt.testcases.CopySetupTest"/>
  <system-out/>
  <testcase name="CS0023" time="12.956" classname="com.vrt.testcases.CopySetupTest"/>
  <system-out/>
  <testcase name="CS019" time="34.070" classname="com.vrt.testcases.CopySetupTest"/>
  <system-out/>
  <testcase name="CS012" time="50.010" classname="com.vrt.testcases.CopySetupTest"/>
  <system-out/>
  <testcase name="CS009" time="13.085" classname="com.vrt.testcases.CopySetupTest"/>
  <system-out/>
  <testcase name="CS004" time="13.447" classname="com.vrt.testcases.CopySetupTest"/>
  <system-out/>
  <testcase name="CS015B" time="22.817" classname="com.vrt.testcases.CopySetupTest"/>
  <system-out/>
  <testcase name="CS017" time="15.657" classname="com.vrt.testcases.CopySetupTest"/>
  <system-out/>
  <testcase name="CS014" time="15.599" classname="com.vrt.testcases.CopySetupTest"/>
  <system-out/>
  <testcase name="CS018B" time="15.983" classname="com.vrt.testcases.CopySetupTest"/>
  <system-out/>
  <testcase name="CS018A" time="18.526" classname="com.vrt.testcases.CopySetupTest"/>
  <system-out/>
  <testcase name="CS002" time="67.700" classname="com.vrt.testcases.CopySetupTest"/>
  <system-out/>
  <testcase name="CS003" time="13.198" classname="com.vrt.testcases.CopySetupTest"/>
  <system-out/>
</testsuite> <!-- com.vrt.testcases.CopySetupTest -->
